<?xml version="1.0" encoding="UTF-8"?>
<!-- Generated by org.testng.reporters.JUnitReportReporter -->
<testsuite hostname="ticvictech" failures="0" tests="3" name="Testng.Tutorialtestng" time="0.348" errors="0" timestamp="2023-01-11T12:42:27 IST" skipped="0">
  <testcase classname="Testng.Tutorialtestng" name="username" time="0.161"/>
  <system-out/>
  <testcase classname="Testng.Tutorialtestng" name="uname" time="0.076"/>
  <system-out/>
  <testcase classname="Testng.Tutorialtestng" name="password" time="0.111"/>
  <system-out/>
</testsuite> <!-- Testng.Tutorialtestng -->
