<?xml version="1.0" encoding="UTF-8"?>
<!-- Generated by org.testng.reporters.JUnitReportReporter -->
<testsuite hostname="ticvictech" failures="0" tests="1" name="Testng.Logincredential" time="0.000" errors="0" timestamp="2023-01-04T10:12:25 IST" skipped="1">
  <testcase classname="Testng.Logincredential" name="login" time="0.000">
    <skipped/>
  </testcase> <!-- login -->
  <system-out/>
</testsuite> <!-- Testng.Logincredential -->
